TN:
SF:src/AuthorizationEngine.sol
FN:49,AuthorizationEngine.operateOnGrantRole
FNDA:4,AuthorizationEngine.operateOnGrantRole
DA:52,4
FN:62,AuthorizationEngine.operateOnRevokeRole
FNDA:0,AuthorizationEngine.operateOnRevokeRole
DA:65,0
FN:72,AuthorizationEngine._msgSender
FNDA:14,AuthorizationEngine._msgSender
DA:78,14
FN:84,AuthorizationEngine._msgData
FNDA:0,AuthorizationEngine._msgData
DA:90,0
FN:93,AuthorizationEngine._contextSuffixLength
FNDA:14,AuthorizationEngine._contextSuffixLength
DA:96,14
FNF:5
FNH:3
LF:5
LH:3
BRF:0
BRH:0
end_of_record
TN:
SF:src/modules/OpenZeppelin/AccessControlExternalModule.sol
FN:77,AccessControlExternalModule.changeDefaultAdminDelay
FNDA:1,AccessControlExternalModule.changeDefaultAdminDelay
DA:78,0
FN:84,AccessControlExternalModule.acceptDefaultAdminTransfer
FNDA:3,AccessControlExternalModule.acceptDefaultAdminTransfer
DA:85,3
DA:86,3
BRDA:86,0,0,-
BRDA:86,0,1,3
DA:88,0
DA:90,3
FN:96,AccessControlExternalModule.cancelDefaultAdminTransfer
FNDA:1,AccessControlExternalModule.cancelDefaultAdminTransfer
DA:97,0
FN:103,AccessControlExternalModule.beginDefaultAdminTransfer
FNDA:4,AccessControlExternalModule.beginDefaultAdminTransfer
DA:104,3
FN:110,AccessControlExternalModule.rollbackDefaultAdminDelay
FNDA:1,AccessControlExternalModule.rollbackDefaultAdminDelay
DA:111,0
FNF:5
FNH:5
LF:8
LH:4
BRF:2
BRH:1
end_of_record
TN:
SF:src/modules/OpenZeppelin/AccessControlExternalModuleInternal.sol
FN:115,AccessControlExternalModuleInternal.checkTransferAdmin
FNDA:4,AccessControlExternalModuleInternal.checkTransferAdmin
DA:116,4
BRDA:116,0,0,2
BRDA:116,0,1,2
DA:117,4
BRDA:117,1,0,2
BRDA:117,1,1,2
DA:118,2
DA:120,2
DA:122,0
FN:134,AccessControlExternalModuleInternal.pendingDefaultAdmin
FNDA:0,AccessControlExternalModuleInternal.pendingDefaultAdmin
DA:135,9
FN:141,AccessControlExternalModuleInternal.defaultAdminDelay
FNDA:0,AccessControlExternalModuleInternal.defaultAdminDelay
DA:142,3
DA:143,3
FN:149,AccessControlExternalModuleInternal.pendingDefaultAdminDelay
FNDA:0,AccessControlExternalModuleInternal.pendingDefaultAdminDelay
DA:150,0
DA:151,0
FN:157,AccessControlExternalModuleInternal.defaultAdminDelayIncreaseWait
FNDA:0,AccessControlExternalModuleInternal.defaultAdminDelayIncreaseWait
DA:158,0
FN:172,AccessControlExternalModuleInternal._beginDefaultAdminTransfer
FNDA:3,AccessControlExternalModuleInternal._beginDefaultAdminTransfer
DA:173,3
DA:174,3
DA:175,3
FN:184,AccessControlExternalModuleInternal._cancelDefaultAdminTransfer
FNDA:0,AccessControlExternalModuleInternal._cancelDefaultAdminTransfer
DA:185,0
FN:195,AccessControlExternalModuleInternal._acceptDefaultAdminTransfer
FNDA:3,AccessControlExternalModuleInternal._acceptDefaultAdminTransfer
DA:196,3
DA:197,3
BRDA:197,2,0,-
BRDA:197,2,1,3
DA:198,0
DA:208,3
FN:218,AccessControlExternalModuleInternal._changeDefaultAdminDelay
FNDA:0,AccessControlExternalModuleInternal._changeDefaultAdminDelay
DA:219,0
DA:220,0
DA:221,0
FN:231,AccessControlExternalModuleInternal._rollbackDefaultAdminDelay
FNDA:0,AccessControlExternalModuleInternal._rollbackDefaultAdminDelay
DA:232,0
FN:244,AccessControlExternalModuleInternal._delayChangeWait
FNDA:0,AccessControlExternalModuleInternal._delayChangeWait
DA:245,0
DA:256,0
FN:271,AccessControlExternalModuleInternal._setPendingDefaultAdmin
FNDA:3,AccessControlExternalModuleInternal._setPendingDefaultAdmin
DA:272,3
DA:274,3
DA:275,3
DA:278,3
BRDA:278,3,0,-
BRDA:278,3,1,3
DA:280,0
FN:289,AccessControlExternalModuleInternal._setPendingDelay
FNDA:0,AccessControlExternalModuleInternal._setPendingDelay
DA:290,0
DA:292,0
BRDA:292,4,0,-
BRDA:292,4,1,-
DA:293,0
BRDA:293,5,0,-
BRDA:293,5,1,-
DA:295,0
DA:298,0
DA:302,0
DA:303,0
FN:313,AccessControlExternalModuleInternal._isScheduleSet
FNDA:9,AccessControlExternalModuleInternal._isScheduleSet
DA:314,9
FN:320,AccessControlExternalModuleInternal._hasSchedulePassed
FNDA:3,AccessControlExternalModuleInternal._hasSchedulePassed
DA:321,3
FNF:15
FNH:6
LF:39
LH:19
BRF:12
BRH:6
end_of_record
