TN:
SF:src/AuthorizationEngine.sol
FN:49,AuthorizationEngine.operateOnGrantRole
FNDA:5,AuthorizationEngine.operateOnGrantRole
DA:52,5
DA:52,5
DA:52,5
FN:62,AuthorizationEngine.operateOnRevokeRole
FNDA:0,AuthorizationEngine.operateOnRevokeRole
DA:65,0
DA:65,0
FN:72,AuthorizationEngine._msgSender
FNDA:27,AuthorizationEngine._msgSender
DA:78,27
DA:78,27
DA:78,27
FN:84,AuthorizationEngine._msgData
FNDA:0,AuthorizationEngine._msgData
DA:90,0
DA:90,0
DA:90,0
FN:93,AuthorizationEngine._contextSuffixLength
FNDA:27,AuthorizationEngine._contextSuffixLength
DA:96,27
DA:96,27
DA:96,27
FNF:5
FNH:3
LF:5
LH:3
BRF:0
BRH:0
end_of_record
TN:
SF:src/modules/OpenZeppelin/AccessControlExternalModule.sol
FN:59,AccessControlExternalModule.changeDefaultAdminDelay
FNDA:2,AccessControlExternalModule.changeDefaultAdminDelay
DA:60,1
DA:60,1
FN:66,AccessControlExternalModule.acceptDefaultAdminTransfer
FNDA:7,AccessControlExternalModule.acceptDefaultAdminTransfer
DA:67,7
DA:67,7
DA:67,7
DA:68,7
DA:68,7
DA:68,7
BRDA:68,0,0,2
BRDA:68,0,1,5
DA:70,2
DA:70,2
DA:72,5
DA:72,5
FN:78,AccessControlExternalModule.cancelDefaultAdminTransfer
FNDA:2,AccessControlExternalModule.cancelDefaultAdminTransfer
DA:79,1
DA:79,1
FN:85,AccessControlExternalModule.beginDefaultAdminTransfer
FNDA:7,AccessControlExternalModule.beginDefaultAdminTransfer
DA:86,6
DA:86,6
FN:92,AccessControlExternalModule.rollbackDefaultAdminDelay
FNDA:2,AccessControlExternalModule.rollbackDefaultAdminDelay
DA:93,1
DA:93,1
FNF:5
FNH:5
LF:8
LH:8
BRF:2
BRH:2
end_of_record
TN:
SF:src/modules/OpenZeppelin/AccessControlExternalModuleInternal.sol
FN:99,AccessControlExternalModuleInternal.checkTransferAdmin
FNDA:5,AccessControlExternalModuleInternal.checkTransferAdmin
DA:100,5
DA:100,5
BRDA:100,0,0,2
BRDA:100,0,1,2
DA:101,4
DA:101,4
BRDA:101,1,0,2
BRDA:101,1,1,2
DA:102,2
DA:102,2
DA:104,2
DA:104,2
DA:106,1
DA:106,1
FN:118,AccessControlExternalModuleInternal.pendingDefaultAdmin
FNDA:0,AccessControlExternalModuleInternal.pendingDefaultAdmin
DA:119,19
DA:119,19
FN:125,AccessControlExternalModuleInternal.defaultAdminDelay
FNDA:0,AccessControlExternalModuleInternal.defaultAdminDelay
DA:126,7
DA:126,7
DA:127,7
DA:127,7
DA:127,7
FN:133,AccessControlExternalModuleInternal.pendingDefaultAdminDelay
FNDA:2,AccessControlExternalModuleInternal.pendingDefaultAdminDelay
DA:134,2
DA:134,2
DA:135,2
DA:135,2
DA:135,2
FN:141,AccessControlExternalModuleInternal.defaultAdminDelayIncreaseWait
FNDA:0,AccessControlExternalModuleInternal.defaultAdminDelayIncreaseWait
DA:142,1
DA:142,1
FN:156,AccessControlExternalModuleInternal._beginDefaultAdminTransfer
FNDA:6,AccessControlExternalModuleInternal._beginDefaultAdminTransfer
DA:157,6
DA:157,6
DA:157,6
DA:157,6
DA:157,6
DA:158,6
DA:158,6
DA:159,6
DA:159,6
FN:168,AccessControlExternalModuleInternal._cancelDefaultAdminTransfer
FNDA:1,AccessControlExternalModuleInternal._cancelDefaultAdminTransfer
DA:169,1
DA:169,1
FN:179,AccessControlExternalModuleInternal._acceptDefaultAdminTransfer
FNDA:5,AccessControlExternalModuleInternal._acceptDefaultAdminTransfer
DA:180,5
DA:180,5
DA:180,5
DA:181,5
DA:181,5
DA:181,5
DA:181,5
BRDA:181,2,0,1
BRDA:181,2,1,4
DA:182,1
DA:182,1
DA:192,4
DA:192,4
FN:202,AccessControlExternalModuleInternal._changeDefaultAdminDelay
FNDA:1,AccessControlExternalModuleInternal._changeDefaultAdminDelay
DA:203,1
DA:203,1
DA:203,1
DA:203,1
DA:203,1
DA:204,1
DA:204,1
DA:205,1
DA:205,1
FN:215,AccessControlExternalModuleInternal._rollbackDefaultAdminDelay
FNDA:1,AccessControlExternalModuleInternal._rollbackDefaultAdminDelay
DA:216,1
DA:216,1
FN:228,AccessControlExternalModuleInternal._delayChangeWait
FNDA:1,AccessControlExternalModuleInternal._delayChangeWait
DA:229,1
DA:229,1
DA:229,1
DA:240,1
DA:240,1
DA:241,1
DA:241,1
FN:255,AccessControlExternalModuleInternal._setPendingDefaultAdmin
FNDA:7,AccessControlExternalModuleInternal._setPendingDefaultAdmin
DA:256,7
DA:256,7
DA:256,7
DA:258,7
DA:258,7
DA:259,7
DA:259,7
DA:262,7
DA:262,7
BRDA:262,3,0,1
BRDA:262,3,1,7
DA:264,1
DA:264,1
FN:273,AccessControlExternalModuleInternal._setPendingDelay
FNDA:2,AccessControlExternalModuleInternal._setPendingDelay
DA:274,2
DA:274,2
DA:276,2
DA:276,2
BRDA:276,4,0,-
BRDA:276,4,1,-
DA:277,0
DA:277,0
BRDA:277,5,0,-
BRDA:277,5,1,-
DA:279,0
DA:279,0
DA:282,0
DA:282,0
DA:286,2
DA:286,2
DA:287,2
DA:287,2
FN:297,AccessControlExternalModuleInternal._isScheduleSet
FNDA:23,AccessControlExternalModuleInternal._isScheduleSet
DA:298,23
DA:298,23
DA:298,23
FN:304,AccessControlExternalModuleInternal._hasSchedulePassed
FNDA:8,AccessControlExternalModuleInternal._hasSchedulePassed
DA:305,8
DA:305,8
DA:305,8
FNF:15
FNH:12
LF:40
LH:37
BRF:12
BRH:8
end_of_record
